Erro: Trying to get property 'usuario_id' of non-object no arquivo  C:\wamp64\www\framework\app\Controllers\Posts.php na linha  144 do tipo  8
Erro: Trying to get property 'titulo' of non-object no arquivo  C:\wamp64\www\framework\app\Views\posts\ver.php na linha  6 do tipo  8
Erro: Trying to get property 'titulo' of non-object no arquivo  C:\wamp64\www\framework\app\Views\posts\ver.php na linha  13 do tipo  8
Erro: Trying to get property 'texto' of non-object no arquivo  C:\wamp64\www\framework\app\Views\posts\ver.php na linha  17 do tipo  8
Erro: Trying to get property 'nome' of non-object no arquivo  C:\wamp64\www\framework\app\Views\posts\ver.php na linha  21 do tipo  8
Erro: Trying to get property 'criado_em' of non-object no arquivo  C:\wamp64\www\framework\app\Views\posts\ver.php na linha  21 do tipo  8
Erro: Trying to get property 'usuario_id' of non-object no arquivo  C:\wamp64\www\framework\app\Views\posts\ver.php na linha  25 do tipo  8
Erro: Trying to get property 'usuario_id' of non-object no arquivo  C:\wamp64\www\framework\app\Controllers\Posts.php na linha  144 do tipo  8
Erro: Trying to get property 'titulo' of non-object no arquivo  C:\wamp64\www\framework\app\Views\posts\ver.php na linha  6 do tipo  8
Erro: Trying to get property 'titulo' of non-object no arquivo  C:\wamp64\www\framework\app\Views\posts\ver.php na linha  13 do tipo  8
Erro: Trying to get property 'texto' of non-object no arquivo  C:\wamp64\www\framework\app\Views\posts\ver.php na linha  17 do tipo  8
Erro: Trying to get property 'nome' of non-object no arquivo  C:\wamp64\www\framework\app\Views\posts\ver.php na linha  21 do tipo  8
Erro: Trying to get property 'criado_em' of non-object no arquivo  C:\wamp64\www\framework\app\Views\posts\ver.php na linha  21 do tipo  8
Erro: Trying to get property 'usuario_id' of non-object no arquivo  C:\wamp64\www\framework\app\Views\posts\ver.php na linha  25 do tipo  8
Erro: Trying to get property 'usuario_id' of non-object no arquivo  C:\wamp64\www\framework\app\Controllers\Posts.php na linha  144 do tipo  8
Erro: Trying to get property 'titulo' of non-object no arquivo  C:\wamp64\www\framework\app\Views\posts\ver.php na linha  6 do tipo  8
Erro: Trying to get property 'titulo' of non-object no arquivo  C:\wamp64\www\framework\app\Views\posts\ver.php na linha  13 do tipo  8
Erro: Trying to get property 'texto' of non-object no arquivo  C:\wamp64\www\framework\app\Views\posts\ver.php na linha  17 do tipo  8
Erro: Trying to get property 'nome' of non-object no arquivo  C:\wamp64\www\framework\app\Views\posts\ver.php na linha  21 do tipo  8
Erro: Trying to get property 'criado_em' of non-object no arquivo  C:\wamp64\www\framework\app\Views\posts\ver.php na linha  21 do tipo  8
Erro: Trying to get property 'usuario_id' of non-object no arquivo  C:\wamp64\www\framework\app\Views\posts\ver.php na linha  25 do tipo  8
Erro: Trying to get property 'usuario_id' of non-object no arquivo  C:\wamp64\www\framework\app\Controllers\Posts.php na linha  149 do tipo  8
Erro: Trying to get property 'titulo' of non-object no arquivo  C:\wamp64\www\framework\app\Views\posts\ver.php na linha  6 do tipo  8
Erro: Trying to get property 'titulo' of non-object no arquivo  C:\wamp64\www\framework\app\Views\posts\ver.php na linha  13 do tipo  8
Erro: Trying to get property 'texto' of non-object no arquivo  C:\wamp64\www\framework\app\Views\posts\ver.php na linha  17 do tipo  8
Erro: Trying to get property 'nome' of non-object no arquivo  C:\wamp64\www\framework\app\Views\posts\ver.php na linha  21 do tipo  8
Erro: Trying to get property 'criado_em' of non-object no arquivo  C:\wamp64\www\framework\app\Views\posts\ver.php na linha  21 do tipo  8
Erro: Trying to get property 'usuario_id' of non-object no arquivo  C:\wamp64\www\framework\app\Views\posts\ver.php na linha  25 do tipo  8
Erro: SQLSTATE[HY000] [1049] Unknown database 'framework' no arquivo  C:\wamp64\www\framework\app\Libraries\Database.php na linha  25 do tipo  1049
Erro: SQLSTATE[HY000] [1049] Unknown database 'framework' no arquivo  C:\wamp64\www\framework\app\Libraries\Database.php na linha  25 do tipo  1049
Erro: SQLSTATE[HY000] [1049] Unknown database 'framework' no arquivo  C:\wamp64\www\framework\app\Libraries\Database.php na linha  25 do tipo  1049
Erro: SQLSTATE[HY000] [1049] Unknown database 'framework' no arquivo  C:\wamp64\www\framework\app\Libraries\Database.php na linha  25 do tipo  1049
Erro: SQLSTATE[HY000] [1049] Unknown database 'framework' no arquivo  C:\wamp64\www\framework\app\Libraries\Database.php na linha  25 do tipo  1049
Erro: SQLSTATE[HY000] [1049] Unknown database 'framework' no arquivo  C:\wamp64\www\framework\app\Libraries\Database.php na linha  25 do tipo  1049
